0 info it worked if it ends with ok
1 verbose cli [ 'C:\\Program Files\\nodejs\\node.exe',
1 verbose cli   'C:\\Program Files\\nodejs\\node_modules\\npm\\bin\\npm-cli.js',
1 verbose cli   'publish' ]
2 info using npm@3.10.8
3 info using node@v7.0.0
4 verbose publish [ '.' ]
5 silly cache add args [ '.', null ]
6 verbose cache add spec .
7 silly cache add parsed spec Result {
7 silly cache add   raw: '.',
7 silly cache add   scope: null,
7 silly cache add   escapedName: null,
7 silly cache add   name: null,
7 silly cache add   rawSpec: '.',
7 silly cache add   spec: 'D:\\Workspace\\source\\development-tool-node',
7 silly cache add   type: 'directory' }
8 verbose addLocalDirectory C:\Users\zhouyou\AppData\Roaming\npm-cache\development-tool-node\0.4.0\package.tgz not in flight; packing
9 verbose correctMkdir C:\Users\zhouyou\AppData\Roaming\npm-cache correctMkdir not in flight; initializing
10 info lifecycle development-tool-node@0.4.0~prepublish: development-tool-node@0.4.0
11 verbose lifecycle development-tool-node@0.4.0~prepublish: unsafe-perm in lifecycle true
12 verbose lifecycle development-tool-node@0.4.0~prepublish: PATH: C:\Program Files\nodejs\node_modules\npm\bin\node-gyp-bin;D:\Workspace\source\development-tool-node\node_modules\.bin;C:\Program Files\Docker\Docker\Resources\bin;C:\Python27\;C:\Python27\Scripts;C:\Windows\system32;C:\Windows;C:\Windows\System32\Wbem;C:\Windows\System32\WindowsPowerShell\v1.0\;C:\Program Files (x86)\Windows Kits\8.1\Windows Performance Toolkit\;C:\Program Files\Microsoft SQL Server\110\Tools\Binn\;C:\Program Files (x86)\Microsoft SDKs\TypeScript\1.0\;C:\Program Files\Microsoft SQL Server\120\Tools\Binn\;C:\Program Files\Git\cmd;C:\Program Files\Java\jdk1.7.0_79/bin;D:\Workspace\Android\android-sdk\tools;C:\Program Files (x86)\Windows Kits\10\Windows Performance Toolkit\;C:\Program Files (x86)\GtkSharp\2.12\bin;C:\Program Files\dotnet\bin;C:\Go\bin;C:\ProgramData\chocolatey\bin;D:\Workspace\phantomjs-2.1.1-windows\bin;C:\Program Files\TortoiseSVN\bin;C:\WINDOWS\system32;C:\WINDOWS;C:\WINDOWS\System32\Wbem;C:\WINDOWS\System32\WindowsPowerShell\v1.0\;C:\Program Files\dotnet\;C:\Program Files\nodejs\;C:\Users\zhouyou\.dnx\runtimes\dnx-clr-win-x86.1.0.0-rc1-update2\bin;C:\Users\zhouyou\.dnx\bin;C:\Program Files (x86)\Microsoft VS Code\bin;C:\Users\zhouyou\AppData\Local\Microsoft\WindowsApps;C:\Users\zhouyou\AppData\Roaming\npm
13 verbose lifecycle development-tool-node@0.4.0~prepublish: CWD: D:\Workspace\source\development-tool-node
14 silly lifecycle development-tool-node@0.4.0~prepublish: Args: [ '/d /s /c', 'gulp build --release' ]
15 silly lifecycle development-tool-node@0.4.0~prepublish: Returned: code: 0  signal: null
16 verbose tar pack [ 'C:\\Users\\zhouyou\\AppData\\Roaming\\npm-cache\\development-tool-node\\0.4.0\\package.tgz',
16 verbose tar pack   'D:\\Workspace\\source\\development-tool-node' ]
17 verbose tarball C:\Users\zhouyou\AppData\Roaming\npm-cache\development-tool-node\0.4.0\package.tgz
18 verbose folder D:\Workspace\source\development-tool-node
19 verbose addLocalTarball adding from inside cache C:\Users\zhouyou\AppData\Roaming\npm-cache\development-tool-node\0.4.0\package.tgz
20 verbose correctMkdir C:\Users\zhouyou\AppData\Roaming\npm-cache correctMkdir not in flight; initializing
21 silly cache afterAdd development-tool-node@0.4.0
22 verbose afterAdd C:\Users\zhouyou\AppData\Roaming\npm-cache\development-tool-node\0.4.0\package\package.json not in flight; writing
23 verbose correctMkdir C:\Users\zhouyou\AppData\Roaming\npm-cache correctMkdir not in flight; initializing
24 verbose afterAdd C:\Users\zhouyou\AppData\Roaming\npm-cache\development-tool-node\0.4.0\package\package.json written
25 silly publish { name: 'development-tool-node',
25 silly publish   version: '0.4.0',
25 silly publish   description: 'development build tools for node.',
25 silly publish   main: './lib/index.js',
25 silly publish   typings: './lib/index',
25 silly publish   scripts:
25 silly publish    { gulp: 'gulp',
25 silly publish      postinstall: 'npm prune',
25 silly publish      reinstall: 'npm cache clean && npm install',
25 silly publish      test: 'gulp build test',
25 silly publish      prepublish: 'gulp build --release',
25 silly publish      e2e: 'protractor',
25 silly publish      'e2e.live': 'protractor --elementExplorer' },
25 silly publish   keywords: [ 'development', 'tool', 'typescript', 'node', 'babel' ],
25 silly publish   author: { name: 'houjun' },
25 silly publish   license: 'MIT',
25 silly publish   bugs: { url: 'https://github.com/zhouhoujun/development-tool-node/issues' },
25 silly publish   registry: 'jspm',
25 silly publish   repository:
25 silly publish    { type: 'git',
25 silly publish      url: 'git+https://github.com/zhouhoujun/development-tool-node.git' },
25 silly publish   dependencies:
25 silly publish    { '@types/chai': '^3.4.34',
25 silly publish      '@types/chalk': '^0.4.31',
25 silly publish      '@types/gulp': '^3.8.32',
25 silly publish      '@types/gulp-mocha': '0.0.29',
25 silly publish      '@types/lodash': '^4.14.37',
25 silly publish      '@types/minimist': '^1.1.29',
25 silly publish      'babel-preset-es2015': '^6.18.0',
25 silly publish      chai: '^3.5.0',
25 silly publish      chalk: '^1.1.3',
25 silly publish      checksum: '^0.1.1',
25 silly publish      del: '^2.2.1',
25 silly publish      'development-core': '^0.7.4',
25 silly publish      gulp: '^3.9.1',
25 silly publish      'gulp-babel': '^6.1.2',
25 silly publish      'gulp-cached': '^1.1.0',
25 silly publish      'gulp-mocha': '^3.0.1',
25 silly publish      'gulp-sourcemaps': '^2.1.1',
25 silly publish      'gulp-typescript': '^3.0.2',
25 silly publish      'gulp-uglify': '^2.0.0',
25 silly publish      lodash: '^4.13.1',
25 silly publish      typescript: '^2.0.3' },
25 silly publish   devDependencies:
25 silly publish    { bluebird: '^3.4.1',
25 silly publish      'development-assert-ts': '^0.2.1',
25 silly publish      'development-tool': '^0.7.1',
25 silly publish      through2: '^2.0.1',
25 silly publish      'ts-node': '^1.6.0',
25 silly publish      tslint: '^3.15.1',
25 silly publish      'tslint-stylish': '^2.1.0-beta',
25 silly publish      'zone.js': '^0.6.10' },
25 silly publish   homepage: 'https://github.com/zhouhoujun/development-tool-node#readme',
25 silly publish   readme: '# packaged development-tool-node\r\n\r\nThis repo is for distribution on `npm`. The source for this module is in the\r\n[main repo](https://github.com/zhouhoujun/development-tool-node/src/mastert).\r\nPlease file issues and pull requests against that repo.\r\nThis package use to develop kit for typescript node project development via gulp tasks.\r\n\r\n## Install\r\n\r\nYou can install this package either with `npm`.\r\n\r\n### npm\r\n\r\n```shell\r\n\r\nnpm install development-tool-node\r\n\r\n```\r\n\r\nYou can `import` modules:\r\n\r\n## import module\r\n\r\n```ts\r\nimport * as gulp from \'gulp\';\r\nimport  { Development } from \'development-tool\';\r\nimport { INodeTaskOption } from \'development-tool-node\';\r\n\r\n```\r\n\r\n## Create development tool\r\n\r\n```ts\r\nDevelopment.create(gulp, __dirname, {\r\n    tasks:[\r\n        <INodeTaskOption>{\r\n            src: \'src\',\r\n            //testSrc: \'...\',\r\n            //e2eSrc: \'...\',\r\n            //watchSrc: \'...\'\r\n            dist: \'lib\',\r\n            // buildDist:\'build path\',\r\n            // releaseDist: \'release path\',\r\n            // depolyDist: \'depoly path\'\r\n            asserts:{\r\n                json: \'src/**/*.json\',\r\n                css:\'src/common/**/*.css\',\r\n                moduleBcss: [\'src/moduleB/**/*.css\'],\r\n                moduleAcss: {\r\n                    src: [\'src/apath/**/*.css\', \'src/bpath/**/*.css\'],\r\n                    dist:\'dist path\',\r\n                    buildDist:\'buildDist path\',\r\n                    releaseDist: \'release Distpath\',\r\n                    depolyDist: \'depoly Distpath\'\r\n                },\r\n                ...\r\n            },\r\n            pipes: Pipe[] | (config, dist, gulp)=> Pipe[],\r\n            output: OutputPipe[] | (stream, config, dist, gulp)=> OutputPipe[],\r\n            loader: \'development-tool-node\'\r\n        }\r\n    ]\r\n});\r\n```\r\n\r\n## Create development tool with addation sub tasks\r\n\r\n```ts\r\nDevelopment.create(gulp, __dirname, {\r\n    tasks:{\r\n        src: \'src\',\r\n        //testSrc: \'...\',\r\n        //e2eSrc: \'...\',\r\n        //watchSrc: \'...\'\r\n        dist: \'lib\',\r\n        // buildDist:\'build path\',\r\n        // releaseDist: \'release path\',\r\n        // depolyDist: \'depoly path\'\r\n        loader: \'development-tool-node\',\r\n        tasks:[\r\n            {\r\n                src: \'files be dealt with\',\r\n                //testSrc: \'...\',\r\n                //e2eSrc: \'...\',\r\n                //watchSrc: \'...\'\r\n                dist: \'dist path\',\r\n                // buildDist:\'build path\',\r\n                // releaseDist: \'release path\',\r\n                // depolyDist: \'depoly path\'\r\n                loader:\'development-tool-*\' //the module must implement ITaskDefine.\r\n            },\r\n            {\r\n                src: [\'src/apath/**/*.css\', \'src/bpath/**/*.css\'],\r\n                //testSrc: \'...\',\r\n                //e2eSrc: \'...\',\r\n                //watchSrc: \'...\'\r\n                dist: \'dist path\',\r\n                // buildDist:\'build path\',\r\n                // releaseDist: \'release path\',\r\n                // depolyDist: \'depoly path\'\r\n                loader: {\r\n                    configModule: path.join(__dirname, \'./src/task.ts\'), //the module must implement ITaskDefine.\r\n                    dir: [path.join(__dirname, \'./src/mytasks\')]\r\n                },\r\n                tasks: [\r\n                    {\r\n                        src: \'files be dealt with\',\r\n                        //testSrc: \'...\',\r\n                        //e2eSrc: \'...\',\r\n                        //watchSrc: \'...\'\r\n                        dist: \'dist path\',\r\n                        // buildDist:\'build path\',\r\n                        // releaseDist: \'release path\',\r\n                        // depolyDist: \'depoly path\'\r\n                        loader: {\r\n                            //./src/mytasks folder must has module implement ITaskDefine.\r\n                            dir: path.join(__dirname, \'./src/mytasks\')\r\n                        }\r\n                    },\r\n                    {\r\n                        src: \'files be dealt with\',\r\n                        //testSrc: \'...\',\r\n                        //e2eSrc: \'...\',\r\n                        //watchSrc: \'...\'\r\n                        dist: \'dist path\',\r\n                        // buildDist:\'build path\',\r\n                        // releaseDist: \'release path\',\r\n                        // depolyDist: \'depoly path\'\r\n                        loader: {\r\n                            module: path.join(__dirname, \'./src/mytasks/dosomething\'),\r\n                            configModule: path.join(__dirname, \'./src/mytasks/config\') //the module must implement ITaskDefine.\r\n                        }\r\n                    }\r\n                ]\r\n            }\r\n            ...\r\n        ]\r\n    }\r\n});\r\n```\r\n\r\nhttps://github.com/zhouhoujun/development-tool-node.git\r\n\r\n## Documentation\r\n\r\nDocumentation is available on the\r\n[development-tool-node docs site](https://github.com/zhouhoujun/development-tool-node).\r\n\r\n## License\r\n\r\nMIT © [Houjun](https://github.com/zhouhoujun/)',
25 silly publish   readmeFilename: 'README.md',
25 silly publish   gitHead: '87ba8eaafb315b139622990e8bb7bcab1ec731cf',
25 silly publish   _id: 'development-tool-node@0.4.0',
25 silly publish   _shasum: '71d9d4d3005d91150f051892ca16b5db6b67d313',
25 silly publish   _from: '.' }
26 verbose getPublishConfig undefined
27 silly mapToRegistry name development-tool-node
28 silly mapToRegistry using default registry
29 silly mapToRegistry registry https://registry.npmjs.org/
30 silly mapToRegistry data Result {
30 silly mapToRegistry   raw: 'development-tool-node',
30 silly mapToRegistry   scope: null,
30 silly mapToRegistry   escapedName: 'development-tool-node',
30 silly mapToRegistry   name: 'development-tool-node',
30 silly mapToRegistry   rawSpec: '',
30 silly mapToRegistry   spec: 'latest',
30 silly mapToRegistry   type: 'tag' }
31 silly mapToRegistry uri https://registry.npmjs.org/development-tool-node
32 verbose publish registryBase https://registry.npmjs.org/
33 silly publish uploading C:\Users\zhouyou\AppData\Roaming\npm-cache\development-tool-node\0.4.0\package.tgz
34 verbose request uri https://registry.npmjs.org/development-tool-node
35 verbose request sending authorization for write operation
36 info attempt registry request try #1 at 18:45:25
37 verbose request using bearer token for auth
38 verbose request id aa82abf2ada58973
39 http request PUT https://registry.npmjs.org/development-tool-node
40 http 403 https://registry.npmjs.org/development-tool-node
41 verbose headers { 'content-type': 'application/json',
41 verbose headers   'cache-control': 'max-age=300',
41 verbose headers   'content-length': '95',
41 verbose headers   'accept-ranges': 'bytes',
41 verbose headers   date: 'Mon, 07 Nov 2016 10:45:32 GMT',
41 verbose headers   via: '1.1 varnish',
41 verbose headers   connection: 'keep-alive',
41 verbose headers   'x-served-by': 'cache-lcy1148-LCY',
41 verbose headers   'x-cache': 'MISS',
41 verbose headers   'x-cache-hits': '0',
41 verbose headers   'x-timer': 'S1478515530.903365,VS0,VE1197',
41 verbose headers   vary: 'Accept-Encoding' }
42 verbose request invalidating C:\Users\zhouyou\AppData\Roaming\npm-cache\registry.npmjs.org\development-tool-node on PUT
43 error publish Failed PUT 403
44 verbose stack Error: "You cannot publish over the previously published version 0.4.0." : development-tool-node
44 verbose stack     at makeError (C:\Program Files\nodejs\node_modules\npm\node_modules\npm-registry-client\lib\request.js:302:12)
44 verbose stack     at CachingRegistryClient.<anonymous> (C:\Program Files\nodejs\node_modules\npm\node_modules\npm-registry-client\lib\request.js:290:14)
44 verbose stack     at Request._callback (C:\Program Files\nodejs\node_modules\npm\node_modules\npm-registry-client\lib\request.js:210:14)
44 verbose stack     at Request.self.callback (C:\Program Files\nodejs\node_modules\npm\node_modules\request\request.js:187:22)
44 verbose stack     at emitTwo (events.js:106:13)
44 verbose stack     at Request.emit (events.js:191:7)
44 verbose stack     at Request.<anonymous> (C:\Program Files\nodejs\node_modules\npm\node_modules\request\request.js:1044:10)
44 verbose stack     at emitOne (events.js:96:13)
44 verbose stack     at Request.emit (events.js:188:7)
44 verbose stack     at IncomingMessage.<anonymous> (C:\Program Files\nodejs\node_modules\npm\node_modules\request\request.js:965:12)
45 verbose statusCode 403
46 verbose pkgid development-tool-node
47 verbose cwd D:\Workspace\source\development-tool-node
48 error Windows_NT 10.0.14931
49 error argv "C:\\Program Files\\nodejs\\node.exe" "C:\\Program Files\\nodejs\\node_modules\\npm\\bin\\npm-cli.js" "publish"
50 error node v7.0.0
51 error npm  v3.10.8
52 error code E403
53 error "You cannot publish over the previously published version 0.4.0." : development-tool-node
54 error If you need help, you may report this error at:
54 error     <https://github.com/npm/npm/issues>
55 verbose exit [ 1, true ]
